#! /opt/homebrew/Cellar/icarus-verilog/11.0/bin/vvp
:ivl_version "11.0 (stable)";
:ivl_delay_selection "TYPICAL";
:vpi_time_precision + 0;
:vpi_module "/opt/homebrew/Cellar/icarus-verilog/11.0/lib/ivl/system.vpi";
:vpi_module "/opt/homebrew/Cellar/icarus-verilog/11.0/lib/ivl/vhdl_sys.vpi";
:vpi_module "/opt/homebrew/Cellar/icarus-verilog/11.0/lib/ivl/vhdl_textio.vpi";
:vpi_module "/opt/homebrew/Cellar/icarus-verilog/11.0/lib/ivl/v2005_math.vpi";
:vpi_module "/opt/homebrew/Cellar/icarus-verilog/11.0/lib/ivl/va_math.vpi";
S_0x149f04c70 .scope module, "tb" "tb" 2 26;
 .timescale 0 0;
v0x149f1d000_0 .var "a", 7 0;
v0x149f1d0b0_0 .var "b", 7 0;
v0x149f1d140_0 .net "c", 7 0, v0x149f1cc90_0;  1 drivers
v0x149f1d210_0 .var "clk", 0 0;
v0x149f1d2c0_0 .net "d", 7 0, v0x149f1cde0_0;  1 drivers
v0x149f1d390_0 .var "reset", 0 0;
S_0x149f04de0 .scope module, "uut" "adder" 2 33, 2 1 0, S_0x149f04c70;
 .timescale 0 0;
    .port_info 0 /INPUT 1 "clk";
    .port_info 1 /INPUT 1 "reset";
    .port_info 2 /INPUT 8 "a_adder";
    .port_info 3 /INPUT 8 "b_adder";
    .port_info 4 /OUTPUT 8 "c_adder";
    .port_info 5 /OUTPUT 8 "d_adder";
v0x149f071a0_0 .net "a_adder", 7 0, v0x149f1d000_0;  1 drivers
v0x149f1cbf0_0 .net "b_adder", 7 0, v0x149f1d0b0_0;  1 drivers
v0x149f1cc90_0 .var "c_adder", 7 0;
v0x149f1cd40_0 .net "clk", 0 0, v0x149f1d210_0;  1 drivers
v0x149f1cde0_0 .var "d_adder", 7 0;
v0x149f1ced0_0 .net "reset", 0 0, v0x149f1d390_0;  1 drivers
E_0x149f04bb0 .event negedge, v0x149f1cd40_0;
E_0x149f07440 .event posedge, v0x149f1cd40_0;
    .scope S_0x149f04de0;
T_0 ;
    %wait E_0x149f07440;
    %load/vec4 v0x149f1ced0_0;
    %flag_set/vec4 8;
    %jmp/0xz  T_0.0, 8;
    %pushi/vec4 0, 0, 8;
    %assign/vec4 v0x149f1cc90_0, 0;
    %jmp T_0.1;
T_0.0 ;
    %load/vec4 v0x149f071a0_0;
    %load/vec4 v0x149f1cbf0_0;
    %add;
    %assign/vec4 v0x149f1cc90_0, 0;
T_0.1 ;
    %jmp T_0;
    .thread T_0;
    .scope S_0x149f04de0;
T_1 ;
    %wait E_0x149f04bb0;
    %load/vec4 v0x149f1ced0_0;
    %flag_set/vec4 8;
    %jmp/0xz  T_1.0, 8;
    %pushi/vec4 0, 0, 8;
    %assign/vec4 v0x149f1cde0_0, 0;
    %jmp T_1.1;
T_1.0 ;
    %load/vec4 v0x149f1cbf0_0;
    %load/vec4 v0x149f071a0_0;
    %sub;
    %assign/vec4 v0x149f1cde0_0, 0;
T_1.1 ;
    %jmp T_1;
    .thread T_1;
    .scope S_0x149f04c70;
T_2 ;
    %pushi/vec4 0, 0, 1;
    %store/vec4 v0x149f1d210_0, 0, 1;
    %pushi/vec4 0, 0, 1;
    %store/vec4 v0x149f1d390_0, 0, 1;
    %pushi/vec4 0, 0, 8;
    %store/vec4 v0x149f1d000_0, 0, 8;
    %pushi/vec4 0, 0, 8;
    %store/vec4 v0x149f1d0b0_0, 0, 8;
    %delay 10, 0;
    %pushi/vec4 1, 0, 1;
    %store/vec4 v0x149f1d390_0, 0, 1;
    %delay 10, 0;
    %pushi/vec4 0, 0, 1;
    %store/vec4 v0x149f1d390_0, 0, 1;
    %delay 100, 0;
    %pushi/vec4 4, 0, 8;
    %store/vec4 v0x149f1d000_0, 0, 8;
    %pushi/vec4 7, 0, 8;
    %store/vec4 v0x149f1d0b0_0, 0, 8;
    %delay 100, 0;
    %pushi/vec4 8, 0, 8;
    %store/vec4 v0x149f1d000_0, 0, 8;
    %pushi/vec4 12, 0, 8;
    %store/vec4 v0x149f1d0b0_0, 0, 8;
    %end;
    .thread T_2;
    .scope S_0x149f04c70;
T_3 ;
    %delay 5, 0;
    %load/vec4 v0x149f1d210_0;
    %inv;
    %store/vec4 v0x149f1d210_0, 0, 1;
    %jmp T_3;
    .thread T_3;
# The file index is used to find the file name in the following table.
:file_names 3;
    "N/A";
    "<interactive>";
    "tb_sample.v";
